app/build/intermediates/manifest_merge_blame_file/debug/manifest-merger-blame-debug-report.txt
1<?xml version="1.0" encoding="utf-8"?>
2<manifest xmlns:android="http://schemas.android.com/apk/res/android"
3    package="org.phomellolitepos"
4    android:versionCode="111"
5    android:versionName="11.28" >
6
7    <uses-sdk
8        android:minSdkVersion="16"
8-->src\main\AndroidManifest.xml
9        android:targetSdkVersion="30" />
9-->src\main\AndroidManifest.xml
10
11    <uses-permission android:name="android.permission.INTERNET" />
11-->src\main\AndroidManifest.xml:8:5-67
11-->src\main\AndroidManifest.xml:8:22-64
12    <uses-permission android:name="android.permission.ACCESS_NETWORK_STATE" />
12-->src\main\AndroidManifest.xml:9:5-79
12-->src\main\AndroidManifest.xml:9:22-76
13    <uses-permission android:name="android.permission.READ_EXTERNAL_STORAGE" />
13-->src\main\AndroidManifest.xml:10:5-80
13-->src\main\AndroidManifest.xml:10:22-77
14    <uses-permission android:name="android.permission.READ_PRIVILEGED_PHONE_STATE" />
14-->src\main\AndroidManifest.xml:11:5-86
14-->src\main\AndroidManifest.xml:11:22-83
15    <uses-permission android:name="android.permission.WRITE_EXTERNAL_STORAGE" />
15-->src\main\AndroidManifest.xml:12:5-81
15-->src\main\AndroidManifest.xml:12:22-78
16    <uses-permission android:name="android.permission.READ_CONTACTS" />
16-->src\main\AndroidManifest.xml:13:5-72
16-->src\main\AndroidManifest.xml:13:22-69
17    <uses-permission android:name="android.permission.WRITE_CONTACTS" />
17-->src\main\AndroidManifest.xml:14:5-73
17-->src\main\AndroidManifest.xml:14:22-70
18    <uses-permission android:name="android.permission.SYSTEM_ALERT_WINDOW" />
18-->src\main\AndroidManifest.xml:15:5-78
18-->src\main\AndroidManifest.xml:15:22-75
19    <uses-permission android:name="android.permission.BLUETOOTH_ADMIN" />
19-->src\main\AndroidManifest.xml:16:5-74
19-->src\main\AndroidManifest.xml:16:22-71
20    <uses-permission android:name="android.permission.BLUETOOTH" />
20-->src\main\AndroidManifest.xml:17:5-68
20-->src\main\AndroidManifest.xml:17:22-65
21    <uses-permission android:name="android.permission.READ_PHONE_STATE" />
21-->src\main\AndroidManifest.xml:18:5-75
21-->src\main\AndroidManifest.xml:18:22-72
22    <uses-permission android:name="android.permission.MOUNT_UNMOUNT_FILESYSTEMS" /> <!-- <uses-permission android:name="android.permission.RECEIVE_BOOT_COMPLETED" /> -->
22-->src\main\AndroidManifest.xml:19:5-84
22-->src\main\AndroidManifest.xml:19:22-81
23    <uses-permission android:name="android.permission.CAMERA" />
23-->src\main\AndroidManifest.xml:20:5-65
23-->src\main\AndroidManifest.xml:20:22-62
24    <uses-permission android:name="android.permission.WAKE_LOCK" />
24-->src\main\AndroidManifest.xml:21:5-68
24-->src\main\AndroidManifest.xml:21:22-65
25    <uses-permission android:name="com.pos.permission.PRINTER" />
25-->src\main\AndroidManifest.xml:22:5-66
25-->src\main\AndroidManifest.xml:22:22-63
26    <uses-permission android:name="com.pos.permission.COMMUNICATION" />
26-->src\main\AndroidManifest.xml:23:5-72
26-->src\main\AndroidManifest.xml:23:22-69
27    <uses-permission android:name="com.pos.permission.SECURITY" />
27-->src\main\AndroidManifest.xml:24:5-67
27-->src\main\AndroidManifest.xml:24:22-64
28    <uses-permission android:name="com.pos.permission.ACCESSORY_RFREGISTER" />
28-->src\main\AndroidManifest.xml:25:5-79
28-->src\main\AndroidManifest.xml:25:22-76
29    <uses-permission android:name="com.pos.permission.EMVCORE" />
29-->src\main\AndroidManifest.xml:26:5-66
29-->src\main\AndroidManifest.xml:26:22-63
30    <uses-permission android:name="com.pos.permission.ACCESSORY_DATETIME" />
30-->src\main\AndroidManifest.xml:27:5-77
30-->src\main\AndroidManifest.xml:27:22-74
31    <uses-permission android:name="com.pos.permission.ACCESSORY_LED" />
31-->src\main\AndroidManifest.xml:28:5-72
31-->src\main\AndroidManifest.xml:28:22-69
32    <uses-permission android:name="com.pos.permission.ACCESSORY_BEEP" />
32-->src\main\AndroidManifest.xml:29:5-73
32-->src\main\AndroidManifest.xml:29:22-70
33    <uses-permission android:name="com.pos.permission.CARD_READER_ICC" />
33-->src\main\AndroidManifest.xml:30:5-74
33-->src\main\AndroidManifest.xml:30:22-71
34    <uses-permission android:name="com.pos.permission.CARD_READER_PICC" />
34-->src\main\AndroidManifest.xml:31:5-75
34-->src\main\AndroidManifest.xml:31:22-72
35    <uses-permission android:name="com.pos.permission.CARD_READER_MAG" />
35-->src\main\AndroidManifest.xml:32:5-74
35-->src\main\AndroidManifest.xml:32:22-71
36    <uses-permission android:name="android.permission.ACCESS_WIFI_STATE" />
36-->src\main\AndroidManifest.xml:33:5-76
36-->src\main\AndroidManifest.xml:33:22-73
37    <uses-permission android:name="android.permission.CHANGE_WIFI_STATE" />
37-->src\main\AndroidManifest.xml:34:5-76
37-->src\main\AndroidManifest.xml:34:22-73
38    <uses-permission android:name="android.permission.NFC" />
38-->src\main\AndroidManifest.xml:35:5-62
38-->src\main\AndroidManifest.xml:35:22-59
39
40    <!-- 获取手机任务信息（进程,app列表） -->
41    <uses-permission android:name="android.permission.GET_TASKS" /> <!-- 拨打电话 -->
41-->[cn.finalteam:toolsfinal:1.1.5] AndroidManifest.xml:22:5-68
41-->[cn.finalteam:toolsfinal:1.1.5] AndroidManifest.xml:22:22-65
42    <uses-permission android:name="android.permission.CALL_PHONE" />
42-->[cn.finalteam:toolsfinal:1.1.5] AndroidManifest.xml:26:5-69
42-->[cn.finalteam:toolsfinal:1.1.5] AndroidManifest.xml:26:22-66
43    <uses-permission android:name="com.google.android.finsky.permission.BIND_GET_INSTALL_REFERRER_SERVICE" />
43-->[com.google.android.gms:play-services-measurement:18.0.2] AndroidManifest.xml:26:5-110
43-->[com.google.android.gms:play-services-measurement:18.0.2] AndroidManifest.xml:26:22-107
44
45    <application
45-->src\main\AndroidManifest.xml:37:5-817:19
46        android:name="org.phomellolitepos.AppController"
46-->src\main\AndroidManifest.xml:38:9-38
47        android:allowBackup="true"
47-->src\main\AndroidManifest.xml:39:9-35
48        android:appComponentFactory="androidx.core.app.CoreComponentFactory"
48-->[androidx.core:core:1.1.0] AndroidManifest.xml:24:18-86
49        android:debuggable="true"
50        android:hardwareAccelerated="false"
50-->src\main\AndroidManifest.xml:40:9-44
51        android:icon="@drawable/app_icon_192"
51-->src\main\AndroidManifest.xml:41:9-46
52        android:label="@string/app_name"
52-->src\main\AndroidManifest.xml:42:9-41
53        android:largeHeap="true"
53-->src\main\AndroidManifest.xml:43:9-33
54        android:networkSecurityConfig="@xml/network_security_config"
54-->src\main\AndroidManifest.xml:44:9-69
55        android:requestLegacyExternalStorage="true"
55-->src\main\AndroidManifest.xml:45:9-52
56        android:supportsRtl="true"
56-->src\main\AndroidManifest.xml:46:9-35
57        android:testOnly="true"
58        android:theme="@style/AppTheme"
58-->src\main\AndroidManifest.xml:47:9-40
59        android:usesCleartextTraffic="true" >
59-->src\main\AndroidManifest.xml:48:9-44
60        <activity
60-->src\main\AndroidManifest.xml:49:9-53:71
61            android:name="org.phomellolitepos.Reports.VatOrderItemReport_view"
61-->src\main\AndroidManifest.xml:50:13-60
62            android:exported="true"
62-->src\main\AndroidManifest.xml:51:13-36
63            android:theme="@style/AppTheme.NoActionBar"
63-->src\main\AndroidManifest.xml:52:13-56
64            android:windowSoftInputMode="stateVisible|adjustResize" />
64-->src\main\AndroidManifest.xml:53:13-68
65        <activity
65-->src\main\AndroidManifest.xml:54:9-58:71
66            android:name="org.phomellolitepos.Reports.VatOrderHeaderReport_view"
66-->src\main\AndroidManifest.xml:55:13-62
67            android:exported="true"
67-->src\main\AndroidManifest.xml:56:13-36
68            android:theme="@style/AppTheme.NoActionBar"
68-->src\main\AndroidManifest.xml:57:13-56
69            android:windowSoftInputMode="stateVisible|adjustResize" />
69-->src\main\AndroidManifest.xml:58:13-68
70        <activity
70-->src\main\AndroidManifest.xml:59:9-63:71
71            android:name="org.phomellolitepos.Reports.GstOrderItemReport_view"
71-->src\main\AndroidManifest.xml:60:13-60
72            android:exported="true"
72-->src\main\AndroidManifest.xml:61:13-36
73            android:theme="@style/AppTheme.NoActionBar"
73-->src\main\AndroidManifest.xml:62:13-56
74            android:windowSoftInputMode="stateVisible|adjustResize" />
74-->src\main\AndroidManifest.xml:63:13-68
75        <activity
75-->src\main\AndroidManifest.xml:64:9-68:71
76            android:name="org.phomellolitepos.Reports.GstOrderHeaderReport_view"
76-->src\main\AndroidManifest.xml:65:13-62
77            android:exported="true"
77-->src\main\AndroidManifest.xml:66:13-36
78            android:theme="@style/AppTheme.NoActionBar"
78-->src\main\AndroidManifest.xml:67:13-56
79            android:windowSoftInputMode="stateVisible|adjustResize" />
79-->src\main\AndroidManifest.xml:68:13-68
80        <activity
80-->src\main\AndroidManifest.xml:69:9-73:71
81            android:name="org.phomellolitepos.Reports.OrderTaxReport_view"
81-->src\main\AndroidManifest.xml:70:13-56
82            android:exported="true"
82-->src\main\AndroidManifest.xml:71:13-36
83            android:theme="@style/AppTheme.NoActionBar"
83-->src\main\AndroidManifest.xml:72:13-56
84            android:windowSoftInputMode="stateVisible|adjustResize" />
84-->src\main\AndroidManifest.xml:73:13-68
85        <activity
85-->src\main\AndroidManifest.xml:74:9-78:71
86            android:name="org.phomellolitepos.Reports.ItemTaxReport_view"
86-->src\main\AndroidManifest.xml:75:13-55
87            android:exported="true"
87-->src\main\AndroidManifest.xml:76:13-36
88            android:theme="@style/AppTheme.NoActionBar"
88-->src\main\AndroidManifest.xml:77:13-56
89            android:windowSoftInputMode="stateVisible|adjustResize" />
89-->src\main\AndroidManifest.xml:78:13-68
90        <activity
90-->src\main\AndroidManifest.xml:79:9-83:71
91            android:name="org.phomellolitepos.Reports.TaxReport_view"
91-->src\main\AndroidManifest.xml:80:13-51
92            android:exported="true"
92-->src\main\AndroidManifest.xml:81:13-36
93            android:theme="@style/AppTheme.NoActionBar"
93-->src\main\AndroidManifest.xml:82:13-56
94            android:windowSoftInputMode="stateVisible|adjustResize" />
94-->src\main\AndroidManifest.xml:83:13-68
95        <activity
95-->src\main\AndroidManifest.xml:84:9-88:71
96            android:name="org.phomellolitepos.Reports.CancelReport_view"
96-->src\main\AndroidManifest.xml:85:13-54
97            android:exported="true"
97-->src\main\AndroidManifest.xml:86:13-36
98            android:theme="@style/AppTheme.NoActionBar"
98-->src\main\AndroidManifest.xml:87:13-56
99            android:windowSoftInputMode="stateVisible|adjustResize" />
99-->src\main\AndroidManifest.xml:88:13-68
100        <activity
100-->src\main\AndroidManifest.xml:89:9-93:71
101            android:name="org.phomellolitepos.Reports.ItemReport_view"
101-->src\main\AndroidManifest.xml:90:13-52
102            android:exported="true"
102-->src\main\AndroidManifest.xml:91:13-36
103            android:theme="@style/AppTheme.NoActionBar"
103-->src\main\AndroidManifest.xml:92:13-56
104            android:windowSoftInputMode="stateVisible|adjustResize" />
104-->src\main\AndroidManifest.xml:93:13-68
105        <activity
105-->src\main\AndroidManifest.xml:94:9-98:71
106            android:name="org.phomellolitepos.Reports.ItemProfitReport_view"
106-->src\main\AndroidManifest.xml:95:13-58
107            android:exported="true"
107-->src\main\AndroidManifest.xml:96:13-36
108            android:theme="@style/AppTheme.NoActionBar"
108-->src\main\AndroidManifest.xml:97:13-56
109            android:windowSoftInputMode="stateVisible|adjustResize" />
109-->src\main\AndroidManifest.xml:98:13-68
110        <activity
110-->src\main\AndroidManifest.xml:99:9-103:71
111            android:name="org.phomellolitepos.Reports.UserReport_view"
111-->src\main\AndroidManifest.xml:100:13-52
112            android:exported="true"
112-->src\main\AndroidManifest.xml:101:13-36
113            android:theme="@style/AppTheme.NoActionBar"
113-->src\main\AndroidManifest.xml:102:13-56
114            android:windowSoftInputMode="stateVisible|adjustResize" />
114-->src\main\AndroidManifest.xml:103:13-68
115        <activity
115-->src\main\AndroidManifest.xml:104:9-108:71
116            android:name="org.phomellolitepos.Reports.ContactReport_view"
116-->src\main\AndroidManifest.xml:105:13-55
117            android:exported="true"
117-->src\main\AndroidManifest.xml:106:13-36
118            android:theme="@style/AppTheme.NoActionBar"
118-->src\main\AndroidManifest.xml:107:13-56
119            android:windowSoftInputMode="stateVisible|adjustResize" />
119-->src\main\AndroidManifest.xml:108:13-68
120        <activity
120-->src\main\AndroidManifest.xml:109:9-113:71
121            android:name="org.phomellolitepos.Reports.DailySales_Report"
121-->src\main\AndroidManifest.xml:110:13-54
122            android:label="@string/app_name"
122-->src\main\AndroidManifest.xml:111:13-45
123            android:theme="@style/AppTheme.NoActionBar"
123-->src\main\AndroidManifest.xml:112:13-56
124            android:windowSoftInputMode="stateVisible|adjustResize" />
124-->src\main\AndroidManifest.xml:113:13-68
125        <activity
125-->src\main\AndroidManifest.xml:114:9-118:71
126            android:name="org.phomellolitepos.Reports.MonthlySalesReport_View"
126-->src\main\AndroidManifest.xml:115:13-60
127            android:label="@string/app_name"
127-->src\main\AndroidManifest.xml:116:13-45
128            android:theme="@style/AppTheme.NoActionBar"
128-->src\main\AndroidManifest.xml:117:13-56
129            android:windowSoftInputMode="stateVisible|adjustResize" />
129-->src\main\AndroidManifest.xml:118:13-68
130        <activity
130-->src\main\AndroidManifest.xml:119:9-123:71
131            android:name="org.phomellolitepos.Reports.SalesByItemGroupReport_View"
131-->src\main\AndroidManifest.xml:120:13-64
132            android:label="@string/app_name"
132-->src\main\AndroidManifest.xml:121:13-45
133            android:theme="@style/AppTheme.NoActionBar"
133-->src\main\AndroidManifest.xml:122:13-56
134            android:windowSoftInputMode="stateVisible|adjustResize" />
134-->src\main\AndroidManifest.xml:123:13-68
135        <activity
135-->src\main\AndroidManifest.xml:124:9-128:71
136            android:name="org.phomellolitepos.Reports.SalesByItemReport_View"
136-->src\main\AndroidManifest.xml:125:13-59
137            android:label="@string/app_name"
137-->src\main\AndroidManifest.xml:126:13-45
138            android:theme="@style/AppTheme.NoActionBar"
138-->src\main\AndroidManifest.xml:127:13-56
139            android:windowSoftInputMode="stateVisible|adjustResize" />
139-->src\main\AndroidManifest.xml:128:13-68
140        <activity
140-->src\main\AndroidManifest.xml:129:9-133:71
141            android:name="org.phomellolitepos.Reports.OrderHeaderReport_View"
141-->src\main\AndroidManifest.xml:130:13-59
142            android:label="@string/app_name"
142-->src\main\AndroidManifest.xml:131:13-45
143            android:theme="@style/AppTheme.NoActionBar"
143-->src\main\AndroidManifest.xml:132:13-56
144            android:windowSoftInputMode="stateVisible|adjustResize" />
144-->src\main\AndroidManifest.xml:133:13-68
145        <activity
145-->src\main\AndroidManifest.xml:134:9-138:71
146            android:name="org.phomellolitepos.Reports.OrderPaymentReport_View"
146-->src\main\AndroidManifest.xml:135:13-60
147            android:label="@string/app_name"
147-->src\main\AndroidManifest.xml:136:13-45
148            android:theme="@style/AppTheme.NoActionBar"
148-->src\main\AndroidManifest.xml:137:13-56
149            android:windowSoftInputMode="stateVisible|adjustResize" />
149-->src\main\AndroidManifest.xml:138:13-68
150        <activity
150-->src\main\AndroidManifest.xml:139:9-143:71
151            android:name="org.phomellolitepos.Reports.OrderDetailReport_View"
151-->src\main\AndroidManifest.xml:140:13-59
152            android:label="@string/app_name"
152-->src\main\AndroidManifest.xml:141:13-45
153            android:theme="@style/AppTheme.NoActionBar"
153-->src\main\AndroidManifest.xml:142:13-56
154            android:windowSoftInputMode="stateVisible|adjustResize" />
154-->src\main\AndroidManifest.xml:143:13-68
155        <activity
155-->src\main\AndroidManifest.xml:144:9-148:71
156            android:name="org.phomellolitepos.Reports.ZeroReportView"
156-->src\main\AndroidManifest.xml:145:13-51
157            android:label="@string/app_name"
157-->src\main\AndroidManifest.xml:146:13-45
158            android:theme="@style/AppTheme.NoActionBar"
158-->src\main\AndroidManifest.xml:147:13-56
159            android:windowSoftInputMode="stateVisible|adjustResize" />
159-->src\main\AndroidManifest.xml:148:13-68
160        <activity
160-->src\main\AndroidManifest.xml:149:9-153:71
161            android:name="org.phomellolitepos.Reports.ItemGroupReport_view"
161-->src\main\AndroidManifest.xml:150:13-57
162            android:label="@string/app_name"
162-->src\main\AndroidManifest.xml:151:13-45
163            android:theme="@style/AppTheme.NoActionBar"
163-->src\main\AndroidManifest.xml:152:13-56
164            android:windowSoftInputMode="stateVisible|adjustResize" />
164-->src\main\AndroidManifest.xml:153:13-68
165
166        <uses-library
166-->src\main\AndroidManifest.xml:155:9-157:40
167            android:name="org.apache.http.legacy"
167-->src\main\AndroidManifest.xml:156:13-50
168            android:required="false" />
168-->src\main\AndroidManifest.xml:157:13-37
169
170        <activity
170-->src\main\AndroidManifest.xml:159:9-163:71
171            android:name="org.phomellolitepos.VehicleOutList"
171-->src\main\AndroidManifest.xml:160:13-43
172            android:label="@string/app_name"
172-->src\main\AndroidManifest.xml:161:13-45
173            android:theme="@style/AppTheme.NoActionBar"
173-->src\main\AndroidManifest.xml:162:13-56
174            android:windowSoftInputMode="stateVisible|adjustResize" />
174-->src\main\AndroidManifest.xml:163:13-68
175        <activity android:name="org.phomellolitepos.VehicleIN_OutReport" />
175-->src\main\AndroidManifest.xml:164:9-57
175-->src\main\AndroidManifest.xml:164:19-54
176        <activity
176-->src\main\AndroidManifest.xml:165:9-169:71
177            android:name="org.phomellolitepos.Retail_IndustryActivity"
177-->src\main\AndroidManifest.xml:166:13-52
178            android:label="@string/app_name"
178-->src\main\AndroidManifest.xml:167:13-45
179            android:theme="@style/AppTheme.NoActionBar"
179-->src\main\AndroidManifest.xml:168:13-56
180            android:windowSoftInputMode="stateVisible|adjustResize" />
180-->src\main\AndroidManifest.xml:169:13-68
181        <activity
181-->src\main\AndroidManifest.xml:170:9-174:71
182            android:name="org.phomellolitepos.VehicleInReport"
182-->src\main\AndroidManifest.xml:171:13-44
183            android:label="@string/app_name"
183-->src\main\AndroidManifest.xml:172:13-45
184            android:theme="@style/AppTheme.NoActionBar"
184-->src\main\AndroidManifest.xml:173:13-56
185            android:windowSoftInputMode="stateVisible|adjustResize" />
185-->src\main\AndroidManifest.xml:174:13-68
186        <activity
186-->src\main\AndroidManifest.xml:175:9-179:71
187            android:name="org.phomellolitepos.VehicleHistoryScreen"
187-->src\main\AndroidManifest.xml:176:13-49
188            android:label="@string/app_name"
188-->src\main\AndroidManifest.xml:177:13-45
189            android:theme="@style/AppTheme.NoActionBar"
189-->src\main\AndroidManifest.xml:178:13-56
190            android:windowSoftInputMode="stateVisible|adjustResize" />
190-->src\main\AndroidManifest.xml:179:13-68
191        <activity
191-->src\main\AndroidManifest.xml:180:9-205:20
192            android:name="org.phomellolitepos.ParkingIndustryActivity"
192-->src\main\AndroidManifest.xml:181:13-52
193            android:label="@string/app_name"
193-->src\main\AndroidManifest.xml:182:13-45
194            android:launchMode="singleTop"
194-->src\main\AndroidManifest.xml:183:13-43
195            android:theme="@style/AppTheme.NoActionBar"
195-->src\main\AndroidManifest.xml:184:13-56
196            android:windowSoftInputMode="stateVisible|adjustResize" >
196-->src\main\AndroidManifest.xml:185:13-68
197            <intent-filter>
197-->src\main\AndroidManifest.xml:186:13-189:29
198                <action android:name="android.intent.action.MAIN" />
198-->src\main\AndroidManifest.xml:187:17-69
198-->src\main\AndroidManifest.xml:187:25-66
199                <!-- <category android:name="android.intent.category.LAUNCHER" /> -->
200            </intent-filter>
201            <intent-filter>
201-->src\main\AndroidManifest.xml:190:13-194:29
202                <action android:name="android.nfc.action.TECH_DISCOVERED" />
202-->src\main\AndroidManifest.xml:191:17-77
202-->src\main\AndroidManifest.xml:191:25-74
203                <action android:name="android.nfc.action.NDEF_DISCOVERED" />
203-->src\main\AndroidManifest.xml:192:17-77
203-->src\main\AndroidManifest.xml:192:25-74
204                <action android:name="android.nfc.action.TAG_DISCOVERED" />
204-->src\main\AndroidManifest.xml:193:17-76
204-->src\main\AndroidManifest.xml:193:25-73
205            </intent-filter>
206
207            <meta-data
207-->src\main\AndroidManifest.xml:196:13-198:54
208                android:name="android.nfc.action.TECH_DISCOVERED"
208-->src\main\AndroidManifest.xml:197:17-66
209                android:resource="@xml/filter_nfc" />
209-->src\main\AndroidManifest.xml:198:17-51
210            <meta-data
210-->src\main\AndroidManifest.xml:199:13-201:54
211                android:name="android.nfc.action.NDEF_DISCOVERED"
211-->src\main\AndroidManifest.xml:200:17-66
212                android:resource="@xml/filter_nfc" />
212-->src\main\AndroidManifest.xml:201:17-51
213            <meta-data
213-->src\main\AndroidManifest.xml:202:13-204:54
214                android:name="android.nfc.action.TAG_DISCOVERED"
214-->src\main\AndroidManifest.xml:203:17-65
215                android:resource="@xml/filter_nfc" />
215-->src\main\AndroidManifest.xml:204:17-51
216        </activity>
217        <activity
217-->src\main\AndroidManifest.xml:206:9-210:71
218            android:name="org.phomellolitepos.PrintTestActivity"
218-->src\main\AndroidManifest.xml:207:13-46
219            android:label="@string/app_name"
219-->src\main\AndroidManifest.xml:208:13-45
220            android:theme="@style/AppTheme.NoActionBar"
220-->src\main\AndroidManifest.xml:209:13-56
221            android:windowSoftInputMode="stateVisible|adjustResize" />
221-->src\main\AndroidManifest.xml:210:13-68
222        <activity
222-->src\main\AndroidManifest.xml:211:9-215:71
223            android:name="org.phomellolitepos.MainSpinneActivity"
223-->src\main\AndroidManifest.xml:212:13-47
224            android:label="@string/app_name"
224-->src\main\AndroidManifest.xml:213:13-45
225            android:theme="@style/AppTheme.NoActionBar"
225-->src\main\AndroidManifest.xml:214:13-56
226            android:windowSoftInputMode="stateVisible|adjustResize" />
226-->src\main\AndroidManifest.xml:215:13-68
227        <activity
227-->src\main\AndroidManifest.xml:216:9-220:71
228            android:name="org.phomellolitepos.NewRegistrationActivity"
228-->src\main\AndroidManifest.xml:217:13-52
229            android:label="@string/title_activity_newregistration"
229-->src\main\AndroidManifest.xml:218:13-67
230            android:theme="@style/AppTheme.NoActionBar"
230-->src\main\AndroidManifest.xml:219:13-56
231            android:windowSoftInputMode="stateVisible|adjustResize" />
231-->src\main\AndroidManifest.xml:220:13-68
232        <activity
232-->src\main\AndroidManifest.xml:221:9-225:71
233            android:name="org.phomellolitepos.ItemModifierSelection"
233-->src\main\AndroidManifest.xml:222:13-50
234            android:label="@string/title_activity_itemmodifier"
234-->src\main\AndroidManifest.xml:223:13-64
235            android:theme="@style/AppTheme.NoActionBar"
235-->src\main\AndroidManifest.xml:224:13-56
236            android:windowSoftInputMode="stateVisible|adjustResize" />
236-->src\main\AndroidManifest.xml:225:13-68
237        <activity android:name="org.phomellolitepos.CrashActivity" />
237-->src\main\AndroidManifest.xml:226:9-51
237-->src\main\AndroidManifest.xml:226:19-48
238
239        <meta-data
239-->src\main\AndroidManifest.xml:228:9-230:36
240            android:name="firebase_analytics_collection_enabled"
240-->src\main\AndroidManifest.xml:229:13-65
241            android:value="true" />
241-->src\main\AndroidManifest.xml:230:13-33
242        <meta-data
242-->src\main\AndroidManifest.xml:231:9-233:36
243            android:name="firebase_crashlytics_collection_enabled"
243-->src\main\AndroidManifest.xml:232:13-67
244            android:value="true" />
244-->src\main\AndroidManifest.xml:233:13-33
245
246        <activity
246-->src\main\AndroidManifest.xml:235:9-239:71
247            android:name="org.phomellolitepos.ModiferCheckListActivity"
247-->src\main\AndroidManifest.xml:236:13-53
248            android:label="@string/title_activity_modifier"
248-->src\main\AndroidManifest.xml:237:13-60
249            android:theme="@style/AppTheme.NoActionBar"
249-->src\main\AndroidManifest.xml:238:13-56
250            android:windowSoftInputMode="stateVisible|adjustResize" />
250-->src\main\AndroidManifest.xml:239:13-68
251        <activity
251-->src\main\AndroidManifest.xml:240:9-244:71
252            android:name="org.phomellolitepos.TableMangement"
252-->src\main\AndroidManifest.xml:241:13-43
253            android:label="@string/title_activity_table"
253-->src\main\AndroidManifest.xml:242:13-57
254            android:theme="@style/AppTheme.NoActionBar"
254-->src\main\AndroidManifest.xml:243:13-56
255            android:windowSoftInputMode="stateVisible|adjustResize" />
255-->src\main\AndroidManifest.xml:244:13-68
256        <activity
256-->src\main\AndroidManifest.xml:245:9-249:71
257            android:name="org.phomellolitepos.PdfWebView"
257-->src\main\AndroidManifest.xml:246:13-39
258            android:excludeFromRecents="true"
258-->src\main\AndroidManifest.xml:247:13-46
259            android:theme="@style/Theme.AppCompat.Dialog.Alert"
259-->src\main\AndroidManifest.xml:248:13-64
260            android:windowSoftInputMode="stateVisible|adjustResize" /> <!-- <uses-library android:name ="org.apache.http.legacy" android:required ="false"/> -->
260-->src\main\AndroidManifest.xml:249:13-68
261        <activity
261-->src\main\AndroidManifest.xml:250:9-254:71
262            android:name="org.phomellolitepos.PaymentCollection_MainScreen"
262-->src\main\AndroidManifest.xml:251:13-57
263            android:label="@string/title_activity_paymentcollection"
263-->src\main\AndroidManifest.xml:252:13-69
264            android:theme="@style/AppTheme.NoActionBar"
264-->src\main\AndroidManifest.xml:253:13-56
265            android:windowSoftInputMode="stateVisible|adjustResize" /> <!-- <uses-library android:name ="org.apache.http.legacy" android:required ="false"/> -->
265-->src\main\AndroidManifest.xml:254:13-68
266        <activity
266-->src\main\AndroidManifest.xml:255:9-259:71
267            android:name="org.phomellolitepos.AddPaymentActivity"
267-->src\main\AndroidManifest.xml:256:13-47
268            android:label="@string/title_activity_item_payment"
268-->src\main\AndroidManifest.xml:257:13-64
269            android:theme="@style/AppTheme.NoActionBar"
269-->src\main\AndroidManifest.xml:258:13-56
270            android:windowSoftInputMode="stateVisible|adjustResize" />
270-->src\main\AndroidManifest.xml:259:13-68
271        <activity
271-->src\main\AndroidManifest.xml:260:9-264:71
272            android:name="org.phomellolitepos.PaymentListActivity"
272-->src\main\AndroidManifest.xml:261:13-48
273            android:label="@string/Payment"
273-->src\main\AndroidManifest.xml:262:13-44
274            android:theme="@style/AppTheme.NoActionBar"
274-->src\main\AndroidManifest.xml:263:13-56
275            android:windowSoftInputMode="stateVisible|adjustResize" />
275-->src\main\AndroidManifest.xml:264:13-68
276
277        <provider
277-->src\main\AndroidManifest.xml:266:9-274:20
278            android:name="androidx.core.content.FileProvider"
278-->src\main\AndroidManifest.xml:267:13-62
279            android:authorities="com.org.phomellolitepos.myfileprovider"
279-->src\main\AndroidManifest.xml:268:13-73
280            android:exported="false"
280-->src\main\AndroidManifest.xml:269:13-37
281            android:grantUriPermissions="true" >
281-->src\main\AndroidManifest.xml:270:13-47
282            <meta-data
282-->src\main\AndroidManifest.xml:271:13-273:53
283                android:name="android.support.FILE_PROVIDER_PATHS"
283-->src\main\AndroidManifest.xml:272:17-67
284                android:resource="@xml/filepaths" />
284-->src\main\AndroidManifest.xml:273:17-50
285        </provider>
286
287        <service android:name="org.phomellolitepos.BackgroundApiService" />
287-->src\main\AndroidManifest.xml:276:9-57
287-->src\main\AndroidManifest.xml:276:18-54
288
289        <activity
289-->src\main\AndroidManifest.xml:278:9-281:71
290            android:name="org.phomellolitepos.InvReturnItemListActivity"
290-->src\main\AndroidManifest.xml:279:13-54
291            android:theme="@style/AppTheme.NoActionBar"
291-->src\main\AndroidManifest.xml:280:13-56
292            android:windowSoftInputMode="stateVisible|adjustResize" />
292-->src\main\AndroidManifest.xml:281:13-68
293
294        <uses-library
294-->src\main\AndroidManifest.xml:283:9-285:40
295            android:name="com.odm"
295-->src\main\AndroidManifest.xml:284:13-35
296            android:required="false" />
296-->src\main\AndroidManifest.xml:285:13-37
297        <uses-library